{"/Users/nahid/Desktop/Nahid/AI Profit Lab/Website/Website SEO/backend/whatsapp-webhook/webhook.js": {"path":"/Users/nahid/Desktop/Nahid/AI Profit Lab/Website/Website SEO/backend/whatsapp-webhook/webhook.js","statementMap":{"0":{"start":{"line":1,"column":16},"end":{"line":1,"column":34}},"1":{"start":{"line":3,"column":15},"end":{"line":3,"column":31}},"2":{"start":{"line":4,"column":0},"end":{"line":4,"column":27}},"3":{"start":{"line":7,"column":0},"end":{"line":22,"column":3}},"4":{"start":{"line":8,"column":15},"end":{"line":8,"column":36}},"5":{"start":{"line":9,"column":16},"end":{"line":9,"column":45}},"6":{"start":{"line":10,"column":20},"end":{"line":10,"column":46}},"7":{"start":{"line":11,"column":23},"end":{"line":11,"column":70}},"8":{"start":{"line":13,"column":2},"end":{"line":20,"column":3}},"9":{"start":{"line":14,"column":4},"end":{"line":19,"column":5}},"10":{"start":{"line":15,"column":6},"end":{"line":15,"column":38}},"11":{"start":{"line":16,"column":6},"end":{"line":16,"column":45}},"12":{"start":{"line":18,"column":6},"end":{"line":18,"column":33}},"13":{"start":{"line":21,"column":2},"end":{"line":21,"column":29}},"14":{"start":{"line":25,"column":0},"end":{"line":73,"column":3}},"15":{"start":{"line":26,"column":2},"end":{"line":72,"column":3}},"16":{"start":{"line":27,"column":17},"end":{"line":27,"column":25}},"17":{"start":{"line":29,"column":4},"end":{"line":32,"column":5}},"18":{"start":{"line":30,"column":6},"end":{"line":30,"column":63}},"19":{"start":{"line":31,"column":6},"end":{"line":31,"column":33}},"20":{"start":{"line":35,"column":4},"end":{"line":68,"column":5}},"21":{"start":{"line":36,"column":20},"end":{"line":36,"column":30}},"22":{"start":{"line":38,"column":6},"end":{"line":63,"column":7}},"23":{"start":{"line":39,"column":8},"end":{"line":62,"column":11}},"24":{"start":{"line":40,"column":26},"end":{"line":40,"column":37}},"25":{"start":{"line":41,"column":10},"end":{"line":61,"column":11}},"26":{"start":{"line":42,"column":12},"end":{"line":60,"column":15}},"27":{"start":{"line":44,"column":28},"end":{"line":44,"column":40}},"28":{"start":{"line":45,"column":14},"end":{"line":59,"column":15}},"29":{"start":{"line":46,"column":16},"end":{"line":53,"column":19}},"30":{"start":{"line":47,"column":18},"end":{"line":52,"column":19}},"31":{"start":{"line":48,"column":20},"end":{"line":48,"column":86}},"32":{"start":{"line":51,"column":20},"end":{"line":51,"column":83}},"33":{"start":{"line":54,"column":21},"end":{"line":59,"column":15}},"34":{"start":{"line":56,"column":16},"end":{"line":56,"column":71}},"35":{"start":{"line":58,"column":16},"end":{"line":58,"column":77}},"36":{"start":{"line":64,"column":6},"end":{"line":64,"column":33}},"37":{"start":{"line":67,"column":6},"end":{"line":67,"column":33}},"38":{"start":{"line":70,"column":4},"end":{"line":70,"column":62}},"39":{"start":{"line":71,"column":4},"end":{"line":71,"column":31}},"40":{"start":{"line":75,"column":0},"end":{"line":75,"column":24}}},"fnMap":{"0":{"name":"(anonymous_0)","decl":{"start":{"line":7,"column":16},"end":{"line":7,"column":17}},"loc":{"start":{"line":7,"column":30},"end":{"line":22,"column":1}},"line":7},"1":{"name":"(anonymous_1)","decl":{"start":{"line":25,"column":17},"end":{"line":25,"column":18}},"loc":{"start":{"line":25,"column":31},"end":{"line":73,"column":1}},"line":25},"2":{"name":"(anonymous_2)","decl":{"start":{"line":39,"column":22},"end":{"line":39,"column":23}},"loc":{"start":{"line":39,"column":31},"end":{"line":62,"column":9}},"line":39},"3":{"name":"(anonymous_3)","decl":{"start":{"line":42,"column":28},"end":{"line":42,"column":29}},"loc":{"start":{"line":42,"column":40},"end":{"line":60,"column":13}},"line":42},"4":{"name":"(anonymous_4)","decl":{"start":{"line":46,"column":39},"end":{"line":46,"column":40}},"loc":{"start":{"line":46,"column":48},"end":{"line":53,"column":17}},"line":46}},"branchMap":{"0":{"loc":{"start":{"line":11,"column":23},"end":{"line":11,"column":70}},"type":"binary-expr","locations":[{"start":{"line":11,"column":23},"end":{"line":11,"column":47}},{"start":{"line":11,"column":51},"end":{"line":11,"column":70}}],"line":11},"1":{"loc":{"start":{"line":13,"column":2},"end":{"line":20,"column":3}},"type":"if","locations":[{"start":{"line":13,"column":2},"end":{"line":20,"column":3}},{"start":{},"end":{}}],"line":13},"2":{"loc":{"start":{"line":13,"column":6},"end":{"line":13,"column":19}},"type":"binary-expr","locations":[{"start":{"line":13,"column":6},"end":{"line":13,"column":10}},{"start":{"line":13,"column":14},"end":{"line":13,"column":19}}],"line":13},"3":{"loc":{"start":{"line":14,"column":4},"end":{"line":19,"column":5}},"type":"if","locations":[{"start":{"line":14,"column":4},"end":{"line":19,"column":5}},{"start":{"line":17,"column":11},"end":{"line":19,"column":5}}],"line":14},"4":{"loc":{"start":{"line":14,"column":8},"end":{"line":14,"column":54}},"type":"binary-expr","locations":[{"start":{"line":14,"column":8},"end":{"line":14,"column":28}},{"start":{"line":14,"column":32},"end":{"line":14,"column":54}}],"line":14},"5":{"loc":{"start":{"line":29,"column":4},"end":{"line":32,"column":5}},"type":"if","locations":[{"start":{"line":29,"column":4},"end":{"line":32,"column":5}},{"start":{},"end":{}}],"line":29},"6":{"loc":{"start":{"line":29,"column":8},"end":{"line":29,"column":29}},"type":"binary-expr","locations":[{"start":{"line":29,"column":8},"end":{"line":29,"column":13}},{"start":{"line":29,"column":17},"end":{"line":29,"column":29}}],"line":29},"7":{"loc":{"start":{"line":35,"column":4},"end":{"line":68,"column":5}},"type":"if","locations":[{"start":{"line":35,"column":4},"end":{"line":68,"column":5}},{"start":{"line":65,"column":11},"end":{"line":68,"column":5}}],"line":35},"8":{"loc":{"start":{"line":38,"column":6},"end":{"line":63,"column":7}},"type":"if","locations":[{"start":{"line":38,"column":6},"end":{"line":63,"column":7}},{"start":{},"end":{}}],"line":38},"9":{"loc":{"start":{"line":38,"column":10},"end":{"line":38,"column":39}},"type":"binary-expr","locations":[{"start":{"line":38,"column":10},"end":{"line":38,"column":15}},{"start":{"line":38,"column":19},"end":{"line":38,"column":39}}],"line":38},"10":{"loc":{"start":{"line":41,"column":10},"end":{"line":61,"column":11}},"type":"if","locations":[{"start":{"line":41,"column":10},"end":{"line":61,"column":11}},{"start":{},"end":{}}],"line":41},"11":{"loc":{"start":{"line":41,"column":14},"end":{"line":41,"column":47}},"type":"binary-expr","locations":[{"start":{"line":41,"column":14},"end":{"line":41,"column":21}},{"start":{"line":41,"column":25},"end":{"line":41,"column":47}}],"line":41},"12":{"loc":{"start":{"line":45,"column":14},"end":{"line":59,"column":15}},"type":"if","locations":[{"start":{"line":45,"column":14},"end":{"line":59,"column":15}},{"start":{"line":54,"column":21},"end":{"line":59,"column":15}}],"line":45},"13":{"loc":{"start":{"line":45,"column":18},"end":{"line":45,"column":74}},"type":"binary-expr","locations":[{"start":{"line":45,"column":18},"end":{"line":45,"column":23}},{"start":{"line":45,"column":27},"end":{"line":45,"column":41}},{"start":{"line":45,"column":45},"end":{"line":45,"column":74}}],"line":45},"14":{"loc":{"start":{"line":47,"column":18},"end":{"line":52,"column":19}},"type":"if","locations":[{"start":{"line":47,"column":18},"end":{"line":52,"column":19}},{"start":{"line":50,"column":25},"end":{"line":52,"column":19}}],"line":47},"15":{"loc":{"start":{"line":47,"column":22},"end":{"line":47,"column":77}},"type":"binary-expr","locations":[{"start":{"line":47,"column":22},"end":{"line":47,"column":25}},{"start":{"line":47,"column":29},"end":{"line":47,"column":48}},{"start":{"line":47,"column":52},"end":{"line":47,"column":60}},{"start":{"line":47,"column":64},"end":{"line":47,"column":77}}],"line":47},"16":{"loc":{"start":{"line":54,"column":21},"end":{"line":59,"column":15}},"type":"if","locations":[{"start":{"line":54,"column":21},"end":{"line":59,"column":15}},{"start":{"line":57,"column":21},"end":{"line":59,"column":15}}],"line":54},"17":{"loc":{"start":{"line":54,"column":25},"end":{"line":54,"column":48}},"type":"binary-expr","locations":[{"start":{"line":54,"column":25},"end":{"line":54,"column":30}},{"start":{"line":54,"column":34},"end":{"line":54,"column":48}}],"line":54}},"s":{"0":1,"1":1,"2":1,"3":1,"4":3,"5":3,"6":3,"7":3,"8":3,"9":2,"10":1,"11":1,"12":1,"13":1,"14":1,"15":5,"16":5,"17":5,"18":2,"19":2,"20":3,"21":2,"22":2,"23":2,"24":2,"25":2,"26":2,"27":2,"28":2,"29":2,"30":2,"31":1,"32":1,"33":0,"34":0,"35":0,"36":2,"37":1,"38":0,"39":0,"40":1},"f":{"0":3,"1":5,"2":2,"3":2,"4":2},"b":{"0":[3,0],"1":[2,1],"2":[3,2],"3":[1,1],"4":[2,2],"5":[2,3],"6":[5,5],"7":[2,1],"8":[2,0],"9":[2,2],"10":[2,0],"11":[2,2],"12":[2,0],"13":[2,2,2],"14":[1,1],"15":[2,2,2,1],"16":[0,0],"17":[0,0]},"_coverageSchema":"1a1c01bbd47fc00a2c39e90264f33305004495a9","hash":"8b88f945dbc2fc90bc1a24b068895ea2414efff1"}
}
