TN:
SF:webhook.js
FN:7,(anonymous_0)
FN:25,(anonymous_1)
FN:39,(anonymous_2)
FN:42,(anonymous_3)
FN:46,(anonymous_4)
FNF:5
FNH:5
FNDA:3,(anonymous_0)
FNDA:5,(anonymous_1)
FNDA:2,(anonymous_2)
FNDA:2,(anonymous_3)
FNDA:2,(anonymous_4)
DA:1,1
DA:3,1
DA:4,1
DA:7,1
DA:8,3
DA:9,3
DA:10,3
DA:11,3
DA:13,3
DA:14,2
DA:15,1
DA:16,1
DA:18,1
DA:21,1
DA:25,1
DA:26,5
DA:27,5
DA:29,5
DA:30,2
DA:31,2
DA:35,3
DA:36,2
DA:38,2
DA:39,2
DA:40,2
DA:41,2
DA:42,2
DA:44,2
DA:45,2
DA:46,2
DA:47,2
DA:48,1
DA:51,1
DA:54,0
DA:56,0
DA:58,0
DA:64,2
DA:67,1
DA:70,0
DA:71,0
DA:75,1
LF:41
LH:36
BRDA:11,0,0,3
BRDA:11,0,1,0
BRDA:13,1,0,2
BRDA:13,1,1,1
BRDA:13,2,0,3
BRDA:13,2,1,2
BRDA:14,3,0,1
BRDA:14,3,1,1
BRDA:14,4,0,2
BRDA:14,4,1,2
BRDA:29,5,0,2
BRDA:29,5,1,3
BRDA:29,6,0,5
BRDA:29,6,1,5
BRDA:35,7,0,2
BRDA:35,7,1,1
BRDA:38,8,0,2
BRDA:38,8,1,0
BRDA:38,9,0,2
BRDA:38,9,1,2
BRDA:41,10,0,2
BRDA:41,10,1,0
BRDA:41,11,0,2
BRDA:41,11,1,2
BRDA:45,12,0,2
BRDA:45,12,1,0
BRDA:45,13,0,2
BRDA:45,13,1,2
BRDA:45,13,2,2
BRDA:47,14,0,1
BRDA:47,14,1,1
BRDA:47,15,0,2
BRDA:47,15,1,2
BRDA:47,15,2,2
BRDA:47,15,3,1
BRDA:54,16,0,0
BRDA:54,16,1,0
BRDA:54,17,0,0
BRDA:54,17,1,0
BRF:39
BRH:31
end_of_record
